27-10-2021 17:07:17 -- [server]: starting..
27-10-2021 17:07:19 -- [jesfsf]: failed login attempt #1
27-10-2021 17:07:20 -- [sdgsdgsdg]: failed login attempt #2
27-10-2021 17:07:22 -- [sdgsdg]: failed login attempt #3
27-10-2021 17:07:24 -- [sdgsdg]: failed login attempt #4
27-10-2021 17:07:26 -- [sdgsdg]: failed login attempt #5
27-10-2021 17:07:28 -- [sdgsdgsgd]: failed login attempt #6
27-10-2021 17:07:30 -- [sdgsdg]: failed login attempt #7
27-10-2021 17:07:34 -- [sdgsdgsdgsdg]: failed login attempt #8
27-10-2021 17:07:54 -- [jeff]: logged in
27-10-2021 17:07:56 -- [user]: Queue for printer: office
27-10-2021 17:07:56 -- [Server]: Moving job[3] to top.
27-10-2021 17:07:56 -- [user]: Queue for printer: office
27-10-2021 17:07:56 -- [user]: Queue for printer: home
27-10-2021 17:07:56 -- [server]: restarting..
27-10-2021 17:07:56 -- [server]: stopping..
27-10-2021 17:07:56 -- [server]: starting..
27-10-2021 17:07:56 -- [user]: Queue for printer: office
27-10-2021 17:08:13 -- [server]: starting..
27-10-2021 17:08:16 -- [jefsaf]: failed login attempt #1
27-10-2021 17:08:18 -- [asfasfasf]: failed login attempt #2
27-10-2021 17:08:20 -- [asfasf]: failed login attempt #3
27-10-2021 17:08:22 -- [asfasf]: failed login attempt #4
27-10-2021 17:08:26 -- [jeff]: logged in
